[2026-04-09T12:48:08.669+0000] {local_task_job_runner.py:120} INFO - ::group::Pre task execution logs
[2026-04-09T12:48:08.734+0000] {taskinstance.py:2076} INFO - Dependencies all met for dep_context=non-requeueable deps ti=<TaskInstance: crypto_market_data_pipeline.load_to_postgres scheduled__2026-04-09T12:46:00+00:00 [queued]>
[2026-04-09T12:48:08.745+0000] {taskinstance.py:2076} INFO - Dependencies all met for dep_context=requeueable deps ti=<TaskInstance: crypto_market_data_pipeline.load_to_postgres scheduled__2026-04-09T12:46:00+00:00 [queued]>
[2026-04-09T12:48:08.747+0000] {taskinstance.py:2306} INFO - Starting attempt 1 of 2
[2026-04-09T12:48:08.787+0000] {taskinstance.py:2330} INFO - Executing <Task(BashOperator): load_to_postgres> on 2026-04-09 12:46:00+00:00
[2026-04-09T12:48:08.802+0000] {standard_task_runner.py:90} INFO - Running: ['***', 'tasks', 'run', 'crypto_market_data_pipeline', 'load_to_postgres', 'scheduled__2026-04-09T12:46:00+00:00', '--job-id', '26', '--raw', '--subdir', 'DAGS_FOLDER/crypto_pipeline_dag.py', '--cfg-path', '/tmp/tmph89j5072']
[2026-04-09T12:48:08.809+0000] {standard_task_runner.py:91} INFO - Job 26: Subtask load_to_postgres
[2026-04-09T12:48:08.813+0000] {logging_mixin.py:188} WARNING - /home/***/.local/lib/python3.12/site-packages/***/task/task_runner/standard_task_runner.py:62 DeprecationWarning: This process (pid=363) is multi-threaded, use of fork() may lead to deadlocks in the child.
[2026-04-09T12:48:08.814+0000] {standard_task_runner.py:64} INFO - Started process 364 to run task
[2026-04-09T12:48:08.949+0000] {task_command.py:426} INFO - Running <TaskInstance: crypto_market_data_pipeline.load_to_postgres scheduled__2026-04-09T12:46:00+00:00 [running]> on host fc34df6cc428
[2026-04-09T12:48:09.123+0000] {taskinstance.py:2648} INFO - Exporting env vars: AIRFLOW_CTX_DAG_OWNER='haji' AIRFLOW_CTX_DAG_ID='crypto_market_data_pipeline' AIRFLOW_CTX_TASK_ID='load_to_postgres' AIRFLOW_CTX_EXECUTION_DATE='2026-04-09T12:46:00+00:00' AIRFLOW_CTX_TRY_NUMBER='1' AIRFLOW_CTX_DAG_RUN_ID='scheduled__2026-04-09T12:46:00+00:00'
[2026-04-09T12:48:09.125+0000] {taskinstance.py:430} INFO - ::endgroup::
[2026-04-09T12:48:09.148+0000] {subprocess.py:63} INFO - Tmp dir root location: /tmp
[2026-04-09T12:48:09.153+0000] {subprocess.py:75} INFO - Running command: ['/usr/bin/bash', '-c', 'python /opt/***/scripts/load_to_postgres.py']
[2026-04-09T12:48:09.166+0000] {subprocess.py:86} INFO - Output:
[2026-04-09T12:48:11.257+0000] {subprocess.py:93} INFO - 2026-04-09 12:48:11,256 - INFO - Connected to PostgreSQL successfully
[2026-04-09T12:48:11.285+0000] {subprocess.py:93} INFO - 2026-04-09 12:48:11,284 - INFO - Latest processed file selected: /opt/***/data/processed/cleaned_crypto_data_2026-04-09_12-48-06.csv
[2026-04-09T12:48:11.296+0000] {subprocess.py:93} INFO - 2026-04-09 12:48:11,296 - INFO - Loaded DataFrame with shape: (50, 19)
[2026-04-09T12:48:11.368+0000] {subprocess.py:93} INFO - 2026-04-09 12:48:11,366 - INFO - Data successfully loaded into table: crypto_market_data
[2026-04-09T12:48:11.369+0000] {subprocess.py:93} INFO - 2026-04-09 12:48:11,368 - INFO - Rows inserted: 50
[2026-04-09T12:48:11.532+0000] {subprocess.py:97} INFO - Command exited with return code 0
[2026-04-09T12:48:11.535+0000] {taskinstance.py:441} INFO - ::group::Post task execution logs
[2026-04-09T12:48:11.590+0000] {taskinstance.py:1206} INFO - Marking task as SUCCESS. dag_id=crypto_market_data_pipeline, task_id=load_to_postgres, run_id=scheduled__2026-04-09T12:46:00+00:00, execution_date=20260409T124600, start_date=20260409T124808, end_date=20260409T124811
[2026-04-09T12:48:11.639+0000] {local_task_job_runner.py:243} INFO - Task exited with return code 0
[2026-04-09T12:48:11.668+0000] {taskinstance.py:3503} INFO - 0 downstream tasks scheduled from follow-on schedule check
[2026-04-09T12:48:11.682+0000] {local_task_job_runner.py:222} INFO - ::endgroup::
