[2026-04-09T12:23:52.526+0000] {local_task_job_runner.py:120} INFO - ::group::Pre task execution logs
[2026-04-09T12:23:52.782+0000] {taskinstance.py:2076} INFO - Dependencies all met for dep_context=non-requeueable deps ti=<TaskInstance: crypto_market_data_pipeline.transform_crypto_data manual__2026-04-09T12:23:43.605235+00:00 [queued]>
[2026-04-09T12:23:52.809+0000] {taskinstance.py:2076} INFO - Dependencies all met for dep_context=requeueable deps ti=<TaskInstance: crypto_market_data_pipeline.transform_crypto_data manual__2026-04-09T12:23:43.605235+00:00 [queued]>
[2026-04-09T12:23:52.880+0000] {taskinstance.py:2306} INFO - Starting attempt 1 of 2
[2026-04-09T12:23:53.145+0000] {taskinstance.py:2330} INFO - Executing <Task(BashOperator): transform_crypto_data> on 2026-04-09 12:23:43.605235+00:00
[2026-04-09T12:23:53.216+0000] {standard_task_runner.py:90} INFO - Running: ['***', 'tasks', 'run', 'crypto_market_data_pipeline', 'transform_crypto_data', 'manual__2026-04-09T12:23:43.605235+00:00', '--job-id', '6', '--raw', '--subdir', 'DAGS_FOLDER/crypto_pipeline_dag.py', '--cfg-path', '/tmp/tmpp0yvt958']
[2026-04-09T12:23:53.238+0000] {standard_task_runner.py:91} INFO - Job 6: Subtask transform_crypto_data
[2026-04-09T12:23:53.238+0000] {logging_mixin.py:188} WARNING - /home/***/.local/lib/python3.12/site-packages/***/task/task_runner/standard_task_runner.py:62 DeprecationWarning: This process (pid=533) is multi-threaded, use of fork() may lead to deadlocks in the child.
[2026-04-09T12:23:53.243+0000] {standard_task_runner.py:64} INFO - Started process 534 to run task
[2026-04-09T12:23:53.567+0000] {task_command.py:426} INFO - Running <TaskInstance: crypto_market_data_pipeline.transform_crypto_data manual__2026-04-09T12:23:43.605235+00:00 [running]> on host fc34df6cc428
[2026-04-09T12:23:53.935+0000] {taskinstance.py:2648} INFO - Exporting env vars: AIRFLOW_CTX_DAG_OWNER='haji' AIRFLOW_CTX_DAG_ID='crypto_market_data_pipeline' AIRFLOW_CTX_TASK_ID='transform_crypto_data' AIRFLOW_CTX_EXECUTION_DATE='2026-04-09T12:23:43.605235+00:00' AIRFLOW_CTX_TRY_NUMBER='1' AIRFLOW_CTX_DAG_RUN_ID='manual__2026-04-09T12:23:43.605235+00:00'
[2026-04-09T12:23:53.939+0000] {taskinstance.py:430} INFO - ::endgroup::
[2026-04-09T12:23:53.973+0000] {subprocess.py:63} INFO - Tmp dir root location: /tmp
[2026-04-09T12:23:53.976+0000] {subprocess.py:75} INFO - Running command: ['/usr/bin/bash', '-c', 'python /opt/***/scripts/transform_crypto_data.py']
[2026-04-09T12:23:53.991+0000] {subprocess.py:86} INFO - Output:
[2026-04-09T12:23:56.131+0000] {subprocess.py:93} INFO - 2026-04-09 12:23:56,121 - INFO - Latest raw file selected: /opt/***/data/raw/crypto_market_2026-04-09_12-23-48.json
[2026-04-09T12:23:56.150+0000] {subprocess.py:93} INFO - 2026-04-09 12:23:56,150 - INFO - Raw DataFrame created with shape: (50, 26)
[2026-04-09T12:23:56.239+0000] {subprocess.py:93} INFO - 2026-04-09 12:23:56,236 - INFO - Processed data saved to: /opt/***/data/processed/cleaned_crypto_data_2026-04-09_12-23-56.csv
[2026-04-09T12:23:56.244+0000] {subprocess.py:93} INFO - 2026-04-09 12:23:56,239 - INFO - Transformed DataFrame shape: (50, 19)
[2026-04-09T12:23:56.245+0000] {subprocess.py:93} INFO - 2026-04-09 12:23:56,243 - INFO - Total rows after transformation: 50
[2026-04-09T12:23:56.487+0000] {subprocess.py:97} INFO - Command exited with return code 0
[2026-04-09T12:23:56.489+0000] {taskinstance.py:441} INFO - ::group::Post task execution logs
[2026-04-09T12:23:56.585+0000] {taskinstance.py:1206} INFO - Marking task as SUCCESS. dag_id=crypto_market_data_pipeline, task_id=transform_crypto_data, run_id=manual__2026-04-09T12:23:43.605235+00:00, execution_date=20260409T122343, start_date=20260409T122352, end_date=20260409T122356
[2026-04-09T12:23:56.684+0000] {local_task_job_runner.py:243} INFO - Task exited with return code 0
[2026-04-09T12:23:56.717+0000] {taskinstance.py:3503} INFO - 1 downstream tasks scheduled from follow-on schedule check
[2026-04-09T12:23:56.729+0000] {local_task_job_runner.py:222} INFO - ::endgroup::
