[2026-04-09T12:46:06.101+0000] {local_task_job_runner.py:120} INFO - ::group::Pre task execution logs
[2026-04-09T12:46:06.146+0000] {taskinstance.py:2076} INFO - Dependencies all met for dep_context=non-requeueable deps ti=<TaskInstance: crypto_market_data_pipeline.load_to_postgres scheduled__2026-04-09T12:44:00+00:00 [queued]>
[2026-04-09T12:46:06.155+0000] {taskinstance.py:2076} INFO - Dependencies all met for dep_context=requeueable deps ti=<TaskInstance: crypto_market_data_pipeline.load_to_postgres scheduled__2026-04-09T12:44:00+00:00 [queued]>
[2026-04-09T12:46:06.162+0000] {taskinstance.py:2306} INFO - Starting attempt 1 of 2
[2026-04-09T12:46:06.213+0000] {taskinstance.py:2330} INFO - Executing <Task(BashOperator): load_to_postgres> on 2026-04-09 12:44:00+00:00
[2026-04-09T12:46:06.224+0000] {standard_task_runner.py:90} INFO - Running: ['***', 'tasks', 'run', 'crypto_market_data_pipeline', 'load_to_postgres', 'scheduled__2026-04-09T12:44:00+00:00', '--job-id', '23', '--raw', '--subdir', 'DAGS_FOLDER/crypto_pipeline_dag.py', '--cfg-path', '/tmp/tmpei9jzbzo']
[2026-04-09T12:46:06.229+0000] {standard_task_runner.py:91} INFO - Job 23: Subtask load_to_postgres
[2026-04-09T12:46:06.230+0000] {logging_mixin.py:188} WARNING - /home/***/.local/lib/python3.12/site-packages/***/task/task_runner/standard_task_runner.py:62 DeprecationWarning: This process (pid=318) is multi-threaded, use of fork() may lead to deadlocks in the child.
[2026-04-09T12:46:06.232+0000] {standard_task_runner.py:64} INFO - Started process 319 to run task
[2026-04-09T12:46:06.348+0000] {task_command.py:426} INFO - Running <TaskInstance: crypto_market_data_pipeline.load_to_postgres scheduled__2026-04-09T12:44:00+00:00 [running]> on host fc34df6cc428
[2026-04-09T12:46:06.550+0000] {taskinstance.py:2648} INFO - Exporting env vars: AIRFLOW_CTX_DAG_OWNER='haji' AIRFLOW_CTX_DAG_ID='crypto_market_data_pipeline' AIRFLOW_CTX_TASK_ID='load_to_postgres' AIRFLOW_CTX_EXECUTION_DATE='2026-04-09T12:44:00+00:00' AIRFLOW_CTX_TRY_NUMBER='1' AIRFLOW_CTX_DAG_RUN_ID='scheduled__2026-04-09T12:44:00+00:00'
[2026-04-09T12:46:06.552+0000] {taskinstance.py:430} INFO - ::endgroup::
[2026-04-09T12:46:06.576+0000] {subprocess.py:63} INFO - Tmp dir root location: /tmp
[2026-04-09T12:46:06.578+0000] {subprocess.py:75} INFO - Running command: ['/usr/bin/bash', '-c', 'python /opt/***/scripts/load_to_postgres.py']
[2026-04-09T12:46:06.589+0000] {subprocess.py:86} INFO - Output:
[2026-04-09T12:46:08.210+0000] {subprocess.py:93} INFO - 2026-04-09 12:46:08,210 - INFO - Connected to PostgreSQL successfully
[2026-04-09T12:46:08.230+0000] {subprocess.py:93} INFO - 2026-04-09 12:46:08,230 - INFO - Latest processed file selected: /opt/***/data/processed/cleaned_crypto_data_2026-04-09_12-46-04.csv
[2026-04-09T12:46:08.240+0000] {subprocess.py:93} INFO - 2026-04-09 12:46:08,239 - INFO - Loaded DataFrame with shape: (50, 19)
[2026-04-09T12:46:08.295+0000] {subprocess.py:93} INFO - 2026-04-09 12:46:08,294 - INFO - Data successfully loaded into table: crypto_market_data
[2026-04-09T12:46:08.296+0000] {subprocess.py:93} INFO - 2026-04-09 12:46:08,295 - INFO - Rows inserted: 50
[2026-04-09T12:46:08.436+0000] {subprocess.py:97} INFO - Command exited with return code 0
[2026-04-09T12:46:08.437+0000] {taskinstance.py:441} INFO - ::group::Post task execution logs
[2026-04-09T12:46:08.492+0000] {taskinstance.py:1206} INFO - Marking task as SUCCESS. dag_id=crypto_market_data_pipeline, task_id=load_to_postgres, run_id=scheduled__2026-04-09T12:44:00+00:00, execution_date=20260409T124400, start_date=20260409T124606, end_date=20260409T124608
[2026-04-09T12:46:08.537+0000] {local_task_job_runner.py:243} INFO - Task exited with return code 0
[2026-04-09T12:46:08.562+0000] {taskinstance.py:3503} INFO - 0 downstream tasks scheduled from follow-on schedule check
[2026-04-09T12:46:08.575+0000] {local_task_job_runner.py:222} INFO - ::endgroup::
