[2026-04-09T12:42:03.770+0000] {local_task_job_runner.py:120} INFO - ::group::Pre task execution logs
[2026-04-09T12:42:03.842+0000] {taskinstance.py:2076} INFO - Dependencies all met for dep_context=non-requeueable deps ti=<TaskInstance: crypto_market_data_pipeline.transform_crypto_data scheduled__2026-04-09T12:40:00+00:00 [queued]>
[2026-04-09T12:42:03.862+0000] {taskinstance.py:2076} INFO - Dependencies all met for dep_context=requeueable deps ti=<TaskInstance: crypto_market_data_pipeline.transform_crypto_data scheduled__2026-04-09T12:40:00+00:00 [queued]>
[2026-04-09T12:42:03.869+0000] {taskinstance.py:2306} INFO - Starting attempt 1 of 2
[2026-04-09T12:42:03.909+0000] {taskinstance.py:2330} INFO - Executing <Task(BashOperator): transform_crypto_data> on 2026-04-09 12:40:00+00:00
[2026-04-09T12:42:03.921+0000] {standard_task_runner.py:90} INFO - Running: ['***', 'tasks', 'run', 'crypto_market_data_pipeline', 'transform_crypto_data', 'scheduled__2026-04-09T12:40:00+00:00', '--job-id', '16', '--raw', '--subdir', 'DAGS_FOLDER/crypto_pipeline_dag.py', '--cfg-path', '/tmp/tmpkg_s109i']
[2026-04-09T12:42:03.927+0000] {logging_mixin.py:188} WARNING - /home/***/.local/lib/python3.12/site-packages/***/task/task_runner/standard_task_runner.py:62 DeprecationWarning: This process (pid=217) is multi-threaded, use of fork() may lead to deadlocks in the child.
[2026-04-09T12:42:03.927+0000] {standard_task_runner.py:91} INFO - Job 16: Subtask transform_crypto_data
[2026-04-09T12:42:03.929+0000] {standard_task_runner.py:64} INFO - Started process 218 to run task
[2026-04-09T12:42:04.026+0000] {task_command.py:426} INFO - Running <TaskInstance: crypto_market_data_pipeline.transform_crypto_data scheduled__2026-04-09T12:40:00+00:00 [running]> on host fc34df6cc428
[2026-04-09T12:42:04.170+0000] {taskinstance.py:2648} INFO - Exporting env vars: AIRFLOW_CTX_DAG_OWNER='haji' AIRFLOW_CTX_DAG_ID='crypto_market_data_pipeline' AIRFLOW_CTX_TASK_ID='transform_crypto_data' AIRFLOW_CTX_EXECUTION_DATE='2026-04-09T12:40:00+00:00' AIRFLOW_CTX_TRY_NUMBER='1' AIRFLOW_CTX_DAG_RUN_ID='scheduled__2026-04-09T12:40:00+00:00'
[2026-04-09T12:42:04.171+0000] {taskinstance.py:430} INFO - ::endgroup::
[2026-04-09T12:42:04.189+0000] {subprocess.py:63} INFO - Tmp dir root location: /tmp
[2026-04-09T12:42:04.191+0000] {subprocess.py:75} INFO - Running command: ['/usr/bin/bash', '-c', 'python /opt/***/scripts/transform_crypto_data.py']
[2026-04-09T12:42:04.202+0000] {subprocess.py:86} INFO - Output:
[2026-04-09T12:42:05.262+0000] {subprocess.py:93} INFO - 2026-04-09 12:42:05,262 - INFO - Latest raw file selected: /opt/***/data/raw/crypto_market_2026-04-09_12-42-02.json
[2026-04-09T12:42:05.268+0000] {subprocess.py:93} INFO - 2026-04-09 12:42:05,268 - INFO - Raw DataFrame created with shape: (50, 26)
[2026-04-09T12:42:05.287+0000] {subprocess.py:93} INFO - 2026-04-09 12:42:05,286 - INFO - Processed data saved to: /opt/***/data/processed/cleaned_crypto_data_2026-04-09_12-42-05.csv
[2026-04-09T12:42:05.287+0000] {subprocess.py:93} INFO - 2026-04-09 12:42:05,287 - INFO - Transformed DataFrame shape: (50, 19)
[2026-04-09T12:42:05.288+0000] {subprocess.py:93} INFO - 2026-04-09 12:42:05,287 - INFO - Total rows after transformation: 50
[2026-04-09T12:42:05.370+0000] {subprocess.py:97} INFO - Command exited with return code 0
[2026-04-09T12:42:05.372+0000] {taskinstance.py:441} INFO - ::group::Post task execution logs
[2026-04-09T12:42:05.418+0000] {taskinstance.py:1206} INFO - Marking task as SUCCESS. dag_id=crypto_market_data_pipeline, task_id=transform_crypto_data, run_id=scheduled__2026-04-09T12:40:00+00:00, execution_date=20260409T124000, start_date=20260409T124203, end_date=20260409T124205
[2026-04-09T12:42:05.475+0000] {local_task_job_runner.py:243} INFO - Task exited with return code 0
[2026-04-09T12:42:05.502+0000] {taskinstance.py:3503} INFO - 1 downstream tasks scheduled from follow-on schedule check
[2026-04-09T12:42:05.515+0000] {local_task_job_runner.py:222} INFO - ::endgroup::
