[2026-04-09T12:40:01.062+0000] {local_task_job_runner.py:120} INFO - ::group::Pre task execution logs
[2026-04-09T12:40:01.110+0000] {taskinstance.py:2076} INFO - Dependencies all met for dep_context=non-requeueable deps ti=<TaskInstance: crypto_market_data_pipeline.extract_api_data scheduled__2026-04-09T12:38:00+00:00 [queued]>
[2026-04-09T12:40:01.123+0000] {taskinstance.py:2076} INFO - Dependencies all met for dep_context=requeueable deps ti=<TaskInstance: crypto_market_data_pipeline.extract_api_data scheduled__2026-04-09T12:38:00+00:00 [queued]>
[2026-04-09T12:40:01.124+0000] {taskinstance.py:2306} INFO - Starting attempt 1 of 2
[2026-04-09T12:40:01.144+0000] {taskinstance.py:2330} INFO - Executing <Task(BashOperator): extract_api_data> on 2026-04-09 12:38:00+00:00
[2026-04-09T12:40:01.155+0000] {standard_task_runner.py:90} INFO - Running: ['***', 'tasks', 'run', 'crypto_market_data_pipeline', 'extract_api_data', 'scheduled__2026-04-09T12:38:00+00:00', '--job-id', '12', '--raw', '--subdir', 'DAGS_FOLDER/crypto_pipeline_dag.py', '--cfg-path', '/tmp/tmpihxy1nu7']
[2026-04-09T12:40:01.159+0000] {logging_mixin.py:188} WARNING - /home/***/.local/lib/python3.12/site-packages/***/task/task_runner/standard_task_runner.py:62 DeprecationWarning: This process (pid=169) is multi-threaded, use of fork() may lead to deadlocks in the child.
[2026-04-09T12:40:01.160+0000] {standard_task_runner.py:91} INFO - Job 12: Subtask extract_api_data
[2026-04-09T12:40:01.161+0000] {standard_task_runner.py:64} INFO - Started process 170 to run task
[2026-04-09T12:40:01.298+0000] {task_command.py:426} INFO - Running <TaskInstance: crypto_market_data_pipeline.extract_api_data scheduled__2026-04-09T12:38:00+00:00 [running]> on host fc34df6cc428
[2026-04-09T12:40:01.453+0000] {taskinstance.py:2648} INFO - Exporting env vars: AIRFLOW_CTX_DAG_OWNER='haji' AIRFLOW_CTX_DAG_ID='crypto_market_data_pipeline' AIRFLOW_CTX_TASK_ID='extract_api_data' AIRFLOW_CTX_EXECUTION_DATE='2026-04-09T12:38:00+00:00' AIRFLOW_CTX_TRY_NUMBER='1' AIRFLOW_CTX_DAG_RUN_ID='scheduled__2026-04-09T12:38:00+00:00'
[2026-04-09T12:40:01.454+0000] {taskinstance.py:430} INFO - ::endgroup::
[2026-04-09T12:40:01.474+0000] {subprocess.py:63} INFO - Tmp dir root location: /tmp
[2026-04-09T12:40:01.476+0000] {subprocess.py:75} INFO - Running command: ['/usr/bin/bash', '-c', 'python /opt/***/scripts/extract_api_data.py']
[2026-04-09T12:40:01.490+0000] {subprocess.py:86} INFO - Output:
[2026-04-09T12:40:02.160+0000] {subprocess.py:93} INFO - 2026-04-09 12:40:02,159 - INFO - Sending request to CoinGecko API...
[2026-04-09T12:40:02.707+0000] {subprocess.py:93} INFO - 2026-04-09 12:40:02,706 - INFO - Raw data saved to: /opt/***/data/raw/crypto_market_2026-04-09_12-40-02.json
[2026-04-09T12:40:02.708+0000] {subprocess.py:93} INFO - 2026-04-09 12:40:02,707 - INFO - Number of records fetched: 50
[2026-04-09T12:40:02.749+0000] {subprocess.py:97} INFO - Command exited with return code 0
[2026-04-09T12:40:02.756+0000] {taskinstance.py:441} INFO - ::group::Post task execution logs
[2026-04-09T12:40:02.810+0000] {taskinstance.py:1206} INFO - Marking task as SUCCESS. dag_id=crypto_market_data_pipeline, task_id=extract_api_data, run_id=scheduled__2026-04-09T12:38:00+00:00, execution_date=20260409T123800, start_date=20260409T124001, end_date=20260409T124002
[2026-04-09T12:40:03.147+0000] {local_task_job_runner.py:243} INFO - Task exited with return code 0
[2026-04-09T12:40:03.181+0000] {taskinstance.py:3503} INFO - 1 downstream tasks scheduled from follow-on schedule check
[2026-04-09T12:40:03.200+0000] {local_task_job_runner.py:222} INFO - ::endgroup::
