[2026-04-09T12:00:05.824+0000] {local_task_job_runner.py:120} INFO - ::group::Pre task execution logs
[2026-04-09T12:00:05.875+0000] {taskinstance.py:2076} INFO - Dependencies all met for dep_context=non-requeueable deps ti=<TaskInstance: crypto_market_data_pipeline.load_to_postgres manual__2026-04-09T11:59:54.241852+00:00 [queued]>
[2026-04-09T12:00:05.887+0000] {taskinstance.py:2076} INFO - Dependencies all met for dep_context=requeueable deps ti=<TaskInstance: crypto_market_data_pipeline.load_to_postgres manual__2026-04-09T11:59:54.241852+00:00 [queued]>
[2026-04-09T12:00:05.894+0000] {taskinstance.py:2306} INFO - Starting attempt 1 of 2
[2026-04-09T12:00:05.919+0000] {taskinstance.py:2330} INFO - Executing <Task(BashOperator): load_to_postgres> on 2026-04-09 11:59:54.241852+00:00
[2026-04-09T12:00:05.928+0000] {standard_task_runner.py:90} INFO - Running: ['***', 'tasks', 'run', 'crypto_market_data_pipeline', 'load_to_postgres', 'manual__2026-04-09T11:59:54.241852+00:00', '--job-id', '4', '--raw', '--subdir', 'DAGS_FOLDER/crypto_pipeline_dag.py', '--cfg-path', '/tmp/tmpbovoxnrq']
[2026-04-09T12:00:05.932+0000] {standard_task_runner.py:91} INFO - Job 4: Subtask load_to_postgres
[2026-04-09T12:00:05.932+0000] {logging_mixin.py:188} WARNING - /home/***/.local/lib/python3.12/site-packages/***/task/task_runner/standard_task_runner.py:62 DeprecationWarning: This process (pid=284) is multi-threaded, use of fork() may lead to deadlocks in the child.
[2026-04-09T12:00:05.933+0000] {standard_task_runner.py:64} INFO - Started process 285 to run task
[2026-04-09T12:00:06.047+0000] {task_command.py:426} INFO - Running <TaskInstance: crypto_market_data_pipeline.load_to_postgres manual__2026-04-09T11:59:54.241852+00:00 [running]> on host fc34df6cc428
[2026-04-09T12:00:06.201+0000] {taskinstance.py:2648} INFO - Exporting env vars: AIRFLOW_CTX_DAG_OWNER='haji' AIRFLOW_CTX_DAG_ID='crypto_market_data_pipeline' AIRFLOW_CTX_TASK_ID='load_to_postgres' AIRFLOW_CTX_EXECUTION_DATE='2026-04-09T11:59:54.241852+00:00' AIRFLOW_CTX_TRY_NUMBER='1' AIRFLOW_CTX_DAG_RUN_ID='manual__2026-04-09T11:59:54.241852+00:00'
[2026-04-09T12:00:06.202+0000] {taskinstance.py:430} INFO - ::endgroup::
[2026-04-09T12:00:06.222+0000] {subprocess.py:63} INFO - Tmp dir root location: /tmp
[2026-04-09T12:00:06.224+0000] {subprocess.py:75} INFO - Running command: ['/usr/bin/bash', '-c', 'python /opt/***/scripts/load_to_postgres.py']
[2026-04-09T12:00:06.235+0000] {subprocess.py:86} INFO - Output:
[2026-04-09T12:00:07.784+0000] {subprocess.py:93} INFO - 2026-04-09 12:00:07,783 - INFO - Connected to PostgreSQL successfully
[2026-04-09T12:00:08.421+0000] {subprocess.py:93} INFO - 2026-04-09 12:00:08,420 - INFO - Latest processed file selected: /opt/***/data/processed/cleaned_crypto_data_2026-04-09_12-00-04.csv
[2026-04-09T12:00:08.557+0000] {subprocess.py:93} INFO - 2026-04-09 12:00:08,556 - INFO - Loaded DataFrame with shape: (50, 19)
[2026-04-09T12:00:09.107+0000] {subprocess.py:93} INFO - 2026-04-09 12:00:09,106 - INFO - Data successfully loaded into table: crypto_market_data
[2026-04-09T12:00:09.108+0000] {subprocess.py:93} INFO - 2026-04-09 12:00:09,107 - INFO - Rows inserted: 50
[2026-04-09T12:00:09.242+0000] {subprocess.py:97} INFO - Command exited with return code 0
[2026-04-09T12:00:09.244+0000] {taskinstance.py:441} INFO - ::group::Post task execution logs
[2026-04-09T12:00:09.302+0000] {taskinstance.py:1206} INFO - Marking task as SUCCESS. dag_id=crypto_market_data_pipeline, task_id=load_to_postgres, run_id=manual__2026-04-09T11:59:54.241852+00:00, execution_date=20260409T115954, start_date=20260409T120005, end_date=20260409T120009
[2026-04-09T12:00:09.451+0000] {local_task_job_runner.py:243} INFO - Task exited with return code 0
[2026-04-09T12:00:09.475+0000] {taskinstance.py:3503} INFO - 0 downstream tasks scheduled from follow-on schedule check
[2026-04-09T12:00:09.602+0000] {local_task_job_runner.py:222} INFO - ::endgroup::
