[2026-04-09T12:46:03.154+0000] {local_task_job_runner.py:120} INFO - ::group::Pre task execution logs
[2026-04-09T12:46:03.202+0000] {taskinstance.py:2076} INFO - Dependencies all met for dep_context=non-requeueable deps ti=<TaskInstance: crypto_market_data_pipeline.transform_crypto_data scheduled__2026-04-09T12:44:00+00:00 [queued]>
[2026-04-09T12:46:03.213+0000] {taskinstance.py:2076} INFO - Dependencies all met for dep_context=requeueable deps ti=<TaskInstance: crypto_market_data_pipeline.transform_crypto_data scheduled__2026-04-09T12:44:00+00:00 [queued]>
[2026-04-09T12:46:03.219+0000] {taskinstance.py:2306} INFO - Starting attempt 1 of 2
[2026-04-09T12:46:03.244+0000] {taskinstance.py:2330} INFO - Executing <Task(BashOperator): transform_crypto_data> on 2026-04-09 12:44:00+00:00
[2026-04-09T12:46:03.254+0000] {standard_task_runner.py:90} INFO - Running: ['***', 'tasks', 'run', 'crypto_market_data_pipeline', 'transform_crypto_data', 'scheduled__2026-04-09T12:44:00+00:00', '--job-id', '22', '--raw', '--subdir', 'DAGS_FOLDER/crypto_pipeline_dag.py', '--cfg-path', '/tmp/tmpl7cankje']
[2026-04-09T12:46:03.259+0000] {standard_task_runner.py:91} INFO - Job 22: Subtask transform_crypto_data
[2026-04-09T12:46:03.260+0000] {logging_mixin.py:188} WARNING - /home/***/.local/lib/python3.12/site-packages/***/task/task_runner/standard_task_runner.py:62 DeprecationWarning: This process (pid=307) is multi-threaded, use of fork() may lead to deadlocks in the child.
[2026-04-09T12:46:03.261+0000] {standard_task_runner.py:64} INFO - Started process 308 to run task
[2026-04-09T12:46:03.363+0000] {task_command.py:426} INFO - Running <TaskInstance: crypto_market_data_pipeline.transform_crypto_data scheduled__2026-04-09T12:44:00+00:00 [running]> on host fc34df6cc428
[2026-04-09T12:46:03.509+0000] {taskinstance.py:2648} INFO - Exporting env vars: AIRFLOW_CTX_DAG_OWNER='haji' AIRFLOW_CTX_DAG_ID='crypto_market_data_pipeline' AIRFLOW_CTX_TASK_ID='transform_crypto_data' AIRFLOW_CTX_EXECUTION_DATE='2026-04-09T12:44:00+00:00' AIRFLOW_CTX_TRY_NUMBER='1' AIRFLOW_CTX_DAG_RUN_ID='scheduled__2026-04-09T12:44:00+00:00'
[2026-04-09T12:46:03.510+0000] {taskinstance.py:430} INFO - ::endgroup::
[2026-04-09T12:46:03.527+0000] {subprocess.py:63} INFO - Tmp dir root location: /tmp
[2026-04-09T12:46:03.529+0000] {subprocess.py:75} INFO - Running command: ['/usr/bin/bash', '-c', 'python /opt/***/scripts/transform_crypto_data.py']
[2026-04-09T12:46:03.542+0000] {subprocess.py:86} INFO - Output:
[2026-04-09T12:46:04.913+0000] {subprocess.py:93} INFO - 2026-04-09 12:46:04,913 - INFO - Latest raw file selected: /opt/***/data/raw/crypto_market_2026-04-09_12-46-02.json
[2026-04-09T12:46:04.920+0000] {subprocess.py:93} INFO - 2026-04-09 12:46:04,920 - INFO - Raw DataFrame created with shape: (50, 26)
[2026-04-09T12:46:04.949+0000] {subprocess.py:93} INFO - 2026-04-09 12:46:04,949 - INFO - Processed data saved to: /opt/***/data/processed/cleaned_crypto_data_2026-04-09_12-46-04.csv
[2026-04-09T12:46:04.950+0000] {subprocess.py:93} INFO - 2026-04-09 12:46:04,949 - INFO - Transformed DataFrame shape: (50, 19)
[2026-04-09T12:46:04.951+0000] {subprocess.py:93} INFO - 2026-04-09 12:46:04,950 - INFO - Total rows after transformation: 50
[2026-04-09T12:46:05.046+0000] {subprocess.py:97} INFO - Command exited with return code 0
[2026-04-09T12:46:05.048+0000] {taskinstance.py:441} INFO - ::group::Post task execution logs
[2026-04-09T12:46:05.096+0000] {taskinstance.py:1206} INFO - Marking task as SUCCESS. dag_id=crypto_market_data_pipeline, task_id=transform_crypto_data, run_id=scheduled__2026-04-09T12:44:00+00:00, execution_date=20260409T124400, start_date=20260409T124603, end_date=20260409T124605
[2026-04-09T12:46:05.137+0000] {local_task_job_runner.py:243} INFO - Task exited with return code 0
[2026-04-09T12:46:05.176+0000] {taskinstance.py:3503} INFO - 1 downstream tasks scheduled from follow-on schedule check
[2026-04-09T12:46:05.187+0000] {local_task_job_runner.py:222} INFO - ::endgroup::
