[2026-04-09T12:38:49.630+0000] {local_task_job_runner.py:120} INFO - ::group::Pre task execution logs
[2026-04-09T12:38:49.675+0000] {taskinstance.py:2076} INFO - Dependencies all met for dep_context=non-requeueable deps ti=<TaskInstance: crypto_market_data_pipeline.load_to_postgres scheduled__2026-04-09T12:36:00+00:00 [queued]>
[2026-04-09T12:38:49.686+0000] {taskinstance.py:2076} INFO - Dependencies all met for dep_context=requeueable deps ti=<TaskInstance: crypto_market_data_pipeline.load_to_postgres scheduled__2026-04-09T12:36:00+00:00 [queued]>
[2026-04-09T12:38:49.692+0000] {taskinstance.py:2306} INFO - Starting attempt 1 of 2
[2026-04-09T12:38:49.723+0000] {taskinstance.py:2330} INFO - Executing <Task(BashOperator): load_to_postgres> on 2026-04-09 12:36:00+00:00
[2026-04-09T12:38:49.732+0000] {standard_task_runner.py:90} INFO - Running: ['***', 'tasks', 'run', 'crypto_market_data_pipeline', 'load_to_postgres', 'scheduled__2026-04-09T12:36:00+00:00', '--job-id', '10', '--raw', '--subdir', 'DAGS_FOLDER/crypto_pipeline_dag.py', '--cfg-path', '/tmp/tmpskmd5dnb']
[2026-04-09T12:38:49.736+0000] {standard_task_runner.py:91} INFO - Job 10: Subtask load_to_postgres
[2026-04-09T12:38:49.735+0000] {logging_mixin.py:188} WARNING - /home/***/.local/lib/python3.12/site-packages/***/task/task_runner/standard_task_runner.py:62 DeprecationWarning: This process (pid=719) is multi-threaded, use of fork() may lead to deadlocks in the child.
[2026-04-09T12:38:49.737+0000] {standard_task_runner.py:64} INFO - Started process 720 to run task
[2026-04-09T12:38:49.848+0000] {task_command.py:426} INFO - Running <TaskInstance: crypto_market_data_pipeline.load_to_postgres scheduled__2026-04-09T12:36:00+00:00 [running]> on host fc34df6cc428
[2026-04-09T12:38:50.012+0000] {taskinstance.py:2648} INFO - Exporting env vars: AIRFLOW_CTX_DAG_OWNER='haji' AIRFLOW_CTX_DAG_ID='crypto_market_data_pipeline' AIRFLOW_CTX_TASK_ID='load_to_postgres' AIRFLOW_CTX_EXECUTION_DATE='2026-04-09T12:36:00+00:00' AIRFLOW_CTX_TRY_NUMBER='1' AIRFLOW_CTX_DAG_RUN_ID='scheduled__2026-04-09T12:36:00+00:00'
[2026-04-09T12:38:50.013+0000] {taskinstance.py:430} INFO - ::endgroup::
[2026-04-09T12:38:50.031+0000] {subprocess.py:63} INFO - Tmp dir root location: /tmp
[2026-04-09T12:38:50.032+0000] {subprocess.py:75} INFO - Running command: ['/usr/bin/bash', '-c', 'python /opt/***/scripts/load_to_postgres.py']
[2026-04-09T12:38:50.045+0000] {subprocess.py:86} INFO - Output:
[2026-04-09T12:38:51.901+0000] {subprocess.py:93} INFO - 2026-04-09 12:38:51,894 - INFO - Connected to PostgreSQL successfully
[2026-04-09T12:38:51.927+0000] {subprocess.py:93} INFO - 2026-04-09 12:38:51,926 - INFO - Latest processed file selected: /opt/***/data/processed/cleaned_crypto_data_2026-04-09_12-38-48.csv
[2026-04-09T12:38:51.959+0000] {subprocess.py:93} INFO - 2026-04-09 12:38:51,958 - INFO - Loaded DataFrame with shape: (50, 19)
[2026-04-09T12:38:52.088+0000] {subprocess.py:93} INFO - 2026-04-09 12:38:52,087 - INFO - Data successfully loaded into table: crypto_market_data
[2026-04-09T12:38:52.089+0000] {subprocess.py:93} INFO - 2026-04-09 12:38:52,088 - INFO - Rows inserted: 50
[2026-04-09T12:38:52.223+0000] {subprocess.py:97} INFO - Command exited with return code 0
[2026-04-09T12:38:52.225+0000] {taskinstance.py:441} INFO - ::group::Post task execution logs
[2026-04-09T12:38:52.274+0000] {taskinstance.py:1206} INFO - Marking task as SUCCESS. dag_id=crypto_market_data_pipeline, task_id=load_to_postgres, run_id=scheduled__2026-04-09T12:36:00+00:00, execution_date=20260409T123600, start_date=20260409T123849, end_date=20260409T123852
[2026-04-09T12:38:52.332+0000] {local_task_job_runner.py:243} INFO - Task exited with return code 0
[2026-04-09T12:38:52.364+0000] {taskinstance.py:3503} INFO - 0 downstream tasks scheduled from follow-on schedule check
[2026-04-09T12:38:52.376+0000] {local_task_job_runner.py:222} INFO - ::endgroup::
