[2026-04-09T12:23:45.332+0000] {local_task_job_runner.py:120} INFO - ::group::Pre task execution logs
[2026-04-09T12:23:45.568+0000] {taskinstance.py:2076} INFO - Dependencies all met for dep_context=non-requeueable deps ti=<TaskInstance: crypto_market_data_pipeline.extract_api_data manual__2026-04-09T12:23:43.605235+00:00 [queued]>
[2026-04-09T12:23:45.585+0000] {taskinstance.py:2076} INFO - Dependencies all met for dep_context=requeueable deps ti=<TaskInstance: crypto_market_data_pipeline.extract_api_data manual__2026-04-09T12:23:43.605235+00:00 [queued]>
[2026-04-09T12:23:45.592+0000] {taskinstance.py:2306} INFO - Starting attempt 1 of 2
[2026-04-09T12:23:45.620+0000] {taskinstance.py:2330} INFO - Executing <Task(BashOperator): extract_api_data> on 2026-04-09 12:23:43.605235+00:00
[2026-04-09T12:23:45.635+0000] {standard_task_runner.py:90} INFO - Running: ['***', 'tasks', 'run', 'crypto_market_data_pipeline', 'extract_api_data', 'manual__2026-04-09T12:23:43.605235+00:00', '--job-id', '5', '--raw', '--subdir', 'DAGS_FOLDER/crypto_pipeline_dag.py', '--cfg-path', '/tmp/tmpv950wk4n']
[2026-04-09T12:23:45.642+0000] {standard_task_runner.py:91} INFO - Job 5: Subtask extract_api_data
[2026-04-09T12:23:45.645+0000] {logging_mixin.py:188} WARNING - /home/***/.local/lib/python3.12/site-packages/***/task/task_runner/standard_task_runner.py:62 DeprecationWarning: This process (pid=530) is multi-threaded, use of fork() may lead to deadlocks in the child.
[2026-04-09T12:23:45.648+0000] {standard_task_runner.py:64} INFO - Started process 531 to run task
[2026-04-09T12:23:45.784+0000] {task_command.py:426} INFO - Running <TaskInstance: crypto_market_data_pipeline.extract_api_data manual__2026-04-09T12:23:43.605235+00:00 [running]> on host fc34df6cc428
[2026-04-09T12:23:45.954+0000] {taskinstance.py:2648} INFO - Exporting env vars: AIRFLOW_CTX_DAG_OWNER='haji' AIRFLOW_CTX_DAG_ID='crypto_market_data_pipeline' AIRFLOW_CTX_TASK_ID='extract_api_data' AIRFLOW_CTX_EXECUTION_DATE='2026-04-09T12:23:43.605235+00:00' AIRFLOW_CTX_TRY_NUMBER='1' AIRFLOW_CTX_DAG_RUN_ID='manual__2026-04-09T12:23:43.605235+00:00'
[2026-04-09T12:23:45.955+0000] {taskinstance.py:430} INFO - ::endgroup::
[2026-04-09T12:23:45.993+0000] {subprocess.py:63} INFO - Tmp dir root location: /tmp
[2026-04-09T12:23:46.001+0000] {subprocess.py:75} INFO - Running command: ['/usr/bin/bash', '-c', 'python /opt/***/scripts/extract_api_data.py']
[2026-04-09T12:23:46.016+0000] {subprocess.py:86} INFO - Output:
[2026-04-09T12:23:47.583+0000] {subprocess.py:93} INFO - 2026-04-09 12:23:47,582 - INFO - Sending request to CoinGecko API...
[2026-04-09T12:23:48.526+0000] {subprocess.py:93} INFO - 2026-04-09 12:23:48,526 - INFO - Raw data saved to: /opt/***/data/raw/crypto_market_2026-04-09_12-23-48.json
[2026-04-09T12:23:48.528+0000] {subprocess.py:93} INFO - 2026-04-09 12:23:48,526 - INFO - Number of records fetched: 50
[2026-04-09T12:23:48.583+0000] {subprocess.py:97} INFO - Command exited with return code 0
[2026-04-09T12:23:48.923+0000] {taskinstance.py:441} INFO - ::group::Post task execution logs
[2026-04-09T12:23:50.024+0000] {taskinstance.py:1206} INFO - Marking task as SUCCESS. dag_id=crypto_market_data_pipeline, task_id=extract_api_data, run_id=manual__2026-04-09T12:23:43.605235+00:00, execution_date=20260409T122343, start_date=20260409T122345, end_date=20260409T122350
[2026-04-09T12:23:50.500+0000] {local_task_job_runner.py:243} INFO - Task exited with return code 0
[2026-04-09T12:23:50.826+0000] {taskinstance.py:3503} INFO - 1 downstream tasks scheduled from follow-on schedule check
[2026-04-09T12:23:51.100+0000] {local_task_job_runner.py:222} INFO - ::endgroup::
