[2026-04-09T12:48:04.710+0000] {local_task_job_runner.py:120} INFO - ::group::Pre task execution logs
[2026-04-09T12:48:04.761+0000] {taskinstance.py:2076} INFO - Dependencies all met for dep_context=non-requeueable deps ti=<TaskInstance: crypto_market_data_pipeline.transform_crypto_data scheduled__2026-04-09T12:46:00+00:00 [queued]>
[2026-04-09T12:48:04.770+0000] {taskinstance.py:2076} INFO - Dependencies all met for dep_context=requeueable deps ti=<TaskInstance: crypto_market_data_pipeline.transform_crypto_data scheduled__2026-04-09T12:46:00+00:00 [queued]>
[2026-04-09T12:48:04.771+0000] {taskinstance.py:2306} INFO - Starting attempt 1 of 2
[2026-04-09T12:48:04.792+0000] {taskinstance.py:2330} INFO - Executing <Task(BashOperator): transform_crypto_data> on 2026-04-09 12:46:00+00:00
[2026-04-09T12:48:04.802+0000] {standard_task_runner.py:90} INFO - Running: ['***', 'tasks', 'run', 'crypto_market_data_pipeline', 'transform_crypto_data', 'scheduled__2026-04-09T12:46:00+00:00', '--job-id', '25', '--raw', '--subdir', 'DAGS_FOLDER/crypto_pipeline_dag.py', '--cfg-path', '/tmp/tmpe_kq57p1']
[2026-04-09T12:48:04.806+0000] {standard_task_runner.py:91} INFO - Job 25: Subtask transform_crypto_data
[2026-04-09T12:48:04.806+0000] {logging_mixin.py:188} WARNING - /home/***/.local/lib/python3.12/site-packages/***/task/task_runner/standard_task_runner.py:62 DeprecationWarning: This process (pid=352) is multi-threaded, use of fork() may lead to deadlocks in the child.
[2026-04-09T12:48:04.807+0000] {standard_task_runner.py:64} INFO - Started process 353 to run task
[2026-04-09T12:48:04.901+0000] {task_command.py:426} INFO - Running <TaskInstance: crypto_market_data_pipeline.transform_crypto_data scheduled__2026-04-09T12:46:00+00:00 [running]> on host fc34df6cc428
[2026-04-09T12:48:05.041+0000] {taskinstance.py:2648} INFO - Exporting env vars: AIRFLOW_CTX_DAG_OWNER='haji' AIRFLOW_CTX_DAG_ID='crypto_market_data_pipeline' AIRFLOW_CTX_TASK_ID='transform_crypto_data' AIRFLOW_CTX_EXECUTION_DATE='2026-04-09T12:46:00+00:00' AIRFLOW_CTX_TRY_NUMBER='1' AIRFLOW_CTX_DAG_RUN_ID='scheduled__2026-04-09T12:46:00+00:00'
[2026-04-09T12:48:05.042+0000] {taskinstance.py:430} INFO - ::endgroup::
[2026-04-09T12:48:05.063+0000] {subprocess.py:63} INFO - Tmp dir root location: /tmp
[2026-04-09T12:48:05.065+0000] {subprocess.py:75} INFO - Running command: ['/usr/bin/bash', '-c', 'python /opt/***/scripts/transform_crypto_data.py']
[2026-04-09T12:48:05.080+0000] {subprocess.py:86} INFO - Output:
[2026-04-09T12:48:06.249+0000] {subprocess.py:93} INFO - 2026-04-09 12:48:06,248 - INFO - Latest raw file selected: /opt/***/data/raw/crypto_market_2026-04-09_12-48-03.json
[2026-04-09T12:48:06.256+0000] {subprocess.py:93} INFO - 2026-04-09 12:48:06,255 - INFO - Raw DataFrame created with shape: (50, 26)
[2026-04-09T12:48:06.281+0000] {subprocess.py:93} INFO - 2026-04-09 12:48:06,280 - INFO - Processed data saved to: /opt/***/data/processed/cleaned_crypto_data_2026-04-09_12-48-06.csv
[2026-04-09T12:48:06.282+0000] {subprocess.py:93} INFO - 2026-04-09 12:48:06,281 - INFO - Transformed DataFrame shape: (50, 19)
[2026-04-09T12:48:06.282+0000] {subprocess.py:93} INFO - 2026-04-09 12:48:06,281 - INFO - Total rows after transformation: 50
[2026-04-09T12:48:06.385+0000] {subprocess.py:97} INFO - Command exited with return code 0
[2026-04-09T12:48:06.387+0000] {taskinstance.py:441} INFO - ::group::Post task execution logs
[2026-04-09T12:48:06.446+0000] {taskinstance.py:1206} INFO - Marking task as SUCCESS. dag_id=crypto_market_data_pipeline, task_id=transform_crypto_data, run_id=scheduled__2026-04-09T12:46:00+00:00, execution_date=20260409T124600, start_date=20260409T124804, end_date=20260409T124806
[2026-04-09T12:48:06.509+0000] {local_task_job_runner.py:243} INFO - Task exited with return code 0
[2026-04-09T12:48:06.539+0000] {taskinstance.py:3503} INFO - 1 downstream tasks scheduled from follow-on schedule check
[2026-04-09T12:48:06.546+0000] {local_task_job_runner.py:222} INFO - ::endgroup::
