2026-04-09 12:00:04,170 - INFO - Latest raw file selected: /opt/airflow/data/raw/crypto_market_2026-04-09_11-59-59.json
2026-04-09 12:00:04,192 - INFO - Raw DataFrame created with shape: (50, 26)
2026-04-09 12:00:04,291 - INFO - Processed data saved to: /opt/airflow/data/processed/cleaned_crypto_data_2026-04-09_12-00-04.csv
2026-04-09 12:00:04,292 - INFO - Transformed DataFrame shape: (50, 19)
2026-04-09 12:00:04,293 - INFO - Total rows after transformation: 50
2026-04-09 12:23:56,121 - INFO - Latest raw file selected: /opt/airflow/data/raw/crypto_market_2026-04-09_12-23-48.json
2026-04-09 12:23:56,150 - INFO - Raw DataFrame created with shape: (50, 26)
2026-04-09 12:23:56,236 - INFO - Processed data saved to: /opt/airflow/data/processed/cleaned_crypto_data_2026-04-09_12-23-56.csv
2026-04-09 12:23:56,239 - INFO - Transformed DataFrame shape: (50, 19)
2026-04-09 12:23:56,243 - INFO - Total rows after transformation: 50
2026-04-09 12:38:48,421 - INFO - Latest raw file selected: /opt/airflow/data/raw/crypto_market_2026-04-09_12-38-42.json
2026-04-09 12:38:48,458 - INFO - Raw DataFrame created with shape: (50, 26)
2026-04-09 12:38:48,528 - INFO - Processed data saved to: /opt/airflow/data/processed/cleaned_crypto_data_2026-04-09_12-38-48.csv
2026-04-09 12:38:48,529 - INFO - Transformed DataFrame shape: (50, 19)
2026-04-09 12:38:48,530 - INFO - Total rows after transformation: 50
2026-04-09 12:40:06,354 - INFO - Latest raw file selected: /opt/airflow/data/raw/crypto_market_2026-04-09_12-40-02.json
2026-04-09 12:40:06,370 - INFO - Raw DataFrame created with shape: (50, 26)
2026-04-09 12:40:06,408 - INFO - Processed data saved to: /opt/airflow/data/processed/cleaned_crypto_data_2026-04-09_12-40-06.csv
2026-04-09 12:40:06,409 - INFO - Transformed DataFrame shape: (50, 19)
2026-04-09 12:40:06,409 - INFO - Total rows after transformation: 50
2026-04-09 12:42:05,262 - INFO - Latest raw file selected: /opt/airflow/data/raw/crypto_market_2026-04-09_12-42-02.json
2026-04-09 12:42:05,268 - INFO - Raw DataFrame created with shape: (50, 26)
2026-04-09 12:42:05,286 - INFO - Processed data saved to: /opt/airflow/data/processed/cleaned_crypto_data_2026-04-09_12-42-05.csv
2026-04-09 12:42:05,287 - INFO - Transformed DataFrame shape: (50, 19)
2026-04-09 12:42:05,287 - INFO - Total rows after transformation: 50
2026-04-09 12:44:08,102 - INFO - Latest raw file selected: /opt/airflow/data/raw/crypto_market_2026-04-09_12-44-02.json
2026-04-09 12:44:08,107 - INFO - Raw DataFrame created with shape: (50, 26)
2026-04-09 12:44:08,126 - INFO - Processed data saved to: /opt/airflow/data/processed/cleaned_crypto_data_2026-04-09_12-44-08.csv
2026-04-09 12:44:08,126 - INFO - Transformed DataFrame shape: (50, 19)
2026-04-09 12:44:08,126 - INFO - Total rows after transformation: 50
2026-04-09 12:46:04,913 - INFO - Latest raw file selected: /opt/airflow/data/raw/crypto_market_2026-04-09_12-46-02.json
2026-04-09 12:46:04,920 - INFO - Raw DataFrame created with shape: (50, 26)
2026-04-09 12:46:04,949 - INFO - Processed data saved to: /opt/airflow/data/processed/cleaned_crypto_data_2026-04-09_12-46-04.csv
2026-04-09 12:46:04,949 - INFO - Transformed DataFrame shape: (50, 19)
2026-04-09 12:46:04,950 - INFO - Total rows after transformation: 50
2026-04-09 12:48:06,248 - INFO - Latest raw file selected: /opt/airflow/data/raw/crypto_market_2026-04-09_12-48-03.json
2026-04-09 12:48:06,255 - INFO - Raw DataFrame created with shape: (50, 26)
2026-04-09 12:48:06,280 - INFO - Processed data saved to: /opt/airflow/data/processed/cleaned_crypto_data_2026-04-09_12-48-06.csv
2026-04-09 12:48:06,281 - INFO - Transformed DataFrame shape: (50, 19)
2026-04-09 12:48:06,281 - INFO - Total rows after transformation: 50
