[2026-04-09T12:44:06.535+0000] {local_task_job_runner.py:120} INFO - ::group::Pre task execution logs
[2026-04-09T12:44:06.593+0000] {taskinstance.py:2076} INFO - Dependencies all met for dep_context=non-requeueable deps ti=<TaskInstance: crypto_market_data_pipeline.transform_crypto_data scheduled__2026-04-09T12:42:00+00:00 [queued]>
[2026-04-09T12:44:06.610+0000] {taskinstance.py:2076} INFO - Dependencies all met for dep_context=requeueable deps ti=<TaskInstance: crypto_market_data_pipeline.transform_crypto_data scheduled__2026-04-09T12:42:00+00:00 [queued]>
[2026-04-09T12:44:06.611+0000] {taskinstance.py:2306} INFO - Starting attempt 1 of 2
[2026-04-09T12:44:06.634+0000] {taskinstance.py:2330} INFO - Executing <Task(BashOperator): transform_crypto_data> on 2026-04-09 12:42:00+00:00
[2026-04-09T12:44:06.645+0000] {standard_task_runner.py:90} INFO - Running: ['***', 'tasks', 'run', 'crypto_market_data_pipeline', 'transform_crypto_data', 'scheduled__2026-04-09T12:42:00+00:00', '--job-id', '19', '--raw', '--subdir', 'DAGS_FOLDER/crypto_pipeline_dag.py', '--cfg-path', '/tmp/tmpo78hfzg1']
[2026-04-09T12:44:06.649+0000] {standard_task_runner.py:91} INFO - Job 19: Subtask transform_crypto_data
[2026-04-09T12:44:06.649+0000] {logging_mixin.py:188} WARNING - /home/***/.local/lib/python3.12/site-packages/***/task/task_runner/standard_task_runner.py:62 DeprecationWarning: This process (pid=262) is multi-threaded, use of fork() may lead to deadlocks in the child.
[2026-04-09T12:44:06.653+0000] {standard_task_runner.py:64} INFO - Started process 263 to run task
[2026-04-09T12:44:06.751+0000] {task_command.py:426} INFO - Running <TaskInstance: crypto_market_data_pipeline.transform_crypto_data scheduled__2026-04-09T12:42:00+00:00 [running]> on host fc34df6cc428
[2026-04-09T12:44:06.921+0000] {taskinstance.py:2648} INFO - Exporting env vars: AIRFLOW_CTX_DAG_OWNER='haji' AIRFLOW_CTX_DAG_ID='crypto_market_data_pipeline' AIRFLOW_CTX_TASK_ID='transform_crypto_data' AIRFLOW_CTX_EXECUTION_DATE='2026-04-09T12:42:00+00:00' AIRFLOW_CTX_TRY_NUMBER='1' AIRFLOW_CTX_DAG_RUN_ID='scheduled__2026-04-09T12:42:00+00:00'
[2026-04-09T12:44:06.922+0000] {taskinstance.py:430} INFO - ::endgroup::
[2026-04-09T12:44:06.944+0000] {subprocess.py:63} INFO - Tmp dir root location: /tmp
[2026-04-09T12:44:06.946+0000] {subprocess.py:75} INFO - Running command: ['/usr/bin/bash', '-c', 'python /opt/***/scripts/transform_crypto_data.py']
[2026-04-09T12:44:06.956+0000] {subprocess.py:86} INFO - Output:
[2026-04-09T12:44:08.102+0000] {subprocess.py:93} INFO - 2026-04-09 12:44:08,102 - INFO - Latest raw file selected: /opt/***/data/raw/crypto_market_2026-04-09_12-44-02.json
[2026-04-09T12:44:08.108+0000] {subprocess.py:93} INFO - 2026-04-09 12:44:08,107 - INFO - Raw DataFrame created with shape: (50, 26)
[2026-04-09T12:44:08.126+0000] {subprocess.py:93} INFO - 2026-04-09 12:44:08,126 - INFO - Processed data saved to: /opt/***/data/processed/cleaned_crypto_data_2026-04-09_12-44-08.csv
[2026-04-09T12:44:08.127+0000] {subprocess.py:93} INFO - 2026-04-09 12:44:08,126 - INFO - Transformed DataFrame shape: (50, 19)
[2026-04-09T12:44:08.128+0000] {subprocess.py:93} INFO - 2026-04-09 12:44:08,126 - INFO - Total rows after transformation: 50
[2026-04-09T12:44:08.220+0000] {subprocess.py:97} INFO - Command exited with return code 0
[2026-04-09T12:44:08.221+0000] {taskinstance.py:441} INFO - ::group::Post task execution logs
[2026-04-09T12:44:08.270+0000] {taskinstance.py:1206} INFO - Marking task as SUCCESS. dag_id=crypto_market_data_pipeline, task_id=transform_crypto_data, run_id=scheduled__2026-04-09T12:42:00+00:00, execution_date=20260409T124200, start_date=20260409T124406, end_date=20260409T124408
[2026-04-09T12:44:08.316+0000] {local_task_job_runner.py:243} INFO - Task exited with return code 0
[2026-04-09T12:44:08.344+0000] {taskinstance.py:3503} INFO - 1 downstream tasks scheduled from follow-on schedule check
[2026-04-09T12:44:08.354+0000] {local_task_job_runner.py:222} INFO - ::endgroup::
